#
# There is insufficient memory for the Java Runtime Environment to continue.
# Native memory allocation (mmap) failed to map 141557760 bytes for committing reserved memory.
# Possible reasons:
#   The system is out of physical RAM or swap space
#   In 32 bit mode, the process size limit was hit
# Possible solutions:
#   Reduce memory load on the system
#   Increase physical memory or swap space
#   Check if swap backing store is full
#   Use 64 bit Java on a 64 bit OS
#   Decrease Java heap size (-Xmx/-Xms)
#   Decrease number of Java threads
#   Decrease Java thread stack sizes (-Xss)
#   Set larger code cache with -XX:ReservedCodeCacheSize=
# This output file may be truncated or incomplete.
#
#  Out of Memory Error (os_linux.cpp:2640), pid=12944, tid=0x00007f2d024ec700
#
# JRE version: Java(TM) SE Runtime Environment (8.0_131-b11) (build 1.8.0_131-b11)
# Java VM: Java HotSpot(TM) 64-Bit Server VM (25.131-b11 mixed mode linux-amd64 compressed oops)
# Failed to write core dump. Core dumps have been disabled. To enable core dumping, try "ulimit -c unlimited" before starting Java again
#

---------------  T H R E A D  ---------------

Current thread (0x00007f2d30182800):  VMThread [stack: 0x00007f2d023ec000,0x00007f2d024ed000] [id=12954]

Stack: [0x00007f2d023ec000,0x00007f2d024ed000],  sp=0x00007f2d024eb020,  free space=1020k
Native frames: (J=compiled Java code, j=interpreted, Vv=VM code, C=native code)
V  [libjvm.so+0xac826a]  VMError::report_and_die()+0x2ba
V  [libjvm.so+0x4fd4cb]  report_vm_out_of_memory(char const*, int, unsigned long, VMErrorType, char const*)+0x8b
V  [libjvm.so+0x924f53]  os::Linux::commit_memory_impl(char*, unsigned long, bool)+0x103
V  [libjvm.so+0x9254a9]  os::pd_commit_memory(char*, unsigned long, unsigned long, bool)+0x29
V  [libjvm.so+0x91f6ca]  os::commit_memory(char*, unsigned long, unsigned long, bool)+0x2a
V  [libjvm.so+0x9941e3]  PSVirtualSpace::expand_by(unsigned long)+0x53
V  [libjvm.so+0x9955e8]  PSYoungGen::resize_generation(unsigned long, unsigned long)+0xf8
V  [libjvm.so+0x994742]  PSYoungGen::resize(unsigned long, unsigned long)+0x22
V  [libjvm.so+0x991a1b]  PSScavenge::invoke_no_policy()+0xf3b
V  [libjvm.so+0x9921a1]  PSScavenge::invoke()+0x41
V  [libjvm.so+0x948f00]  ParallelScavengeHeap::failed_mem_allocate(unsigned long)+0x70
V  [libjvm.so+0xac9c87]  VM_ParallelGCFailedAllocation::doit()+0x97
V  [libjvm.so+0xad1765]  VM_Operation::evaluate()+0x55
V  [libjvm.so+0xacfb3a]  VMThread::evaluate_operation(VM_Operation*)+0xba
V  [libjvm.so+0xacfebe]  VMThread::loop()+0x1ce
V  [libjvm.so+0xad0330]  VMThread::run()+0x70
V  [libjvm.so+0x927568]  java_start(Thread*)+0x108

VM_Operation (0x00007f2d377d4fe0): ParallelGCFailedAllocation, mode: safepoint, requested by thread 0x00007f2d3000a000


---------------  P R O C E S S  ---------------

Java Threads: ( => current thread )
  0x00007f2d301d3000 JavaThread "Service Thread" daemon [_thread_blocked, id=12961, stack(0x00007f2d0185a000,0x00007f2d0195b000)]
  0x00007f2d301c8000 JavaThread "C1 CompilerThread2" daemon [_thread_blocked, id=12960, stack(0x00007f2d0195b000,0x00007f2d01a5c000)]
  0x00007f2d301c6000 JavaThread "C2 CompilerThread1" daemon [_thread_blocked, id=12959, stack(0x00007f2d01a5c000,0x00007f2d01b5d000)]
  0x00007f2d301c3800 JavaThread "C2 CompilerThread0" daemon [_thread_blocked, id=12958, stack(0x00007f2d01b5d000,0x00007f2d01c5e000)]
  0x00007f2d301c2000 JavaThread "Signal Dispatcher" daemon [_thread_blocked, id=12957, stack(0x00007f2d01c5e000,0x00007f2d01d5f000)]
  0x00007f2d3018f000 JavaThread "Finalizer" daemon [_thread_blocked, id=12956, stack(0x00007f2d021ea000,0x00007f2d022eb000)]
  0x00007f2d3018a800 JavaThread "Reference Handler" daemon [_thread_blocked, id=12955, stack(0x00007f2d022eb000,0x00007f2d023ec000)]
  0x00007f2d3000a000 JavaThread "main" [_thread_blocked, id=12947, stack(0x00007f2d376d9000,0x00007f2d377da000)]

Other Threads:
=>0x00007f2d30182800 VMThread [stack: 0x00007f2d023ec000,0x00007f2d024ed000] [id=12954]
  0x00007f2d301d6000 WatcherThread [stack: 0x00007f2d01759000,0x00007f2d0185a000] [id=12962]

VM state:at safepoint (normal execution)

VM Mutex/Monitor currently owned by a thread:  ([mutex/lock_event])
[0x00007f2d300062c0] Threads_lock - owner thread: 0x00007f2d30182800
[0x00007f2d300067c0] Heap_lock - owner thread: 0x00007f2d3000a000

Heap:
 PSYoungGen      total 136192K, used 5099K [0x00000000d6700000, 0x00000000df100000, 0x0000000100000000)
  eden space 131072K, 0% used [0x00000000d6700000,0x00000000d6700000,0x00000000de700000)
  from space 5120K, 99% used [0x00000000de700000,0x00000000debfae20,0x00000000dec00000)
  to   space 5120K, 0% used [0x00000000dec00000,0x00000000dec00000,0x00000000df100000)
 ParOldGen       total 86016K, used 3935K [0x0000000083400000, 0x0000000088800000, 0x00000000d6700000)
  object space 86016K, 4% used [0x0000000083400000,0x00000000837d7fe0,0x0000000088800000)
 Metaspace       used 15175K, capacity 15514K, committed 15872K, reserved 1062912K
  class space    used 1881K, capacity 1993K, committed 2048K, reserved 1048576K

Card table byte_map: [0x00007f2d34093000,0x00007f2d3447a000] byte_map_base: 0x00007f2d33c79000

Marking Bits: (ParMarkBitMap*) 0x00007f2d36ba5f60
 Begin Bits: [0x00007f2d101a0000, 0x00007f2d120d0000)
 End Bits:   [0x00007f2d120d0000, 0x00007f2d14000000)

Polling page: 0x00007f2d377f5000

CodeCache: size=245760Kb used=7817Kb max_used=7821Kb free=237942Kb
 bounds [0x00007f2d21000000, 0x00007f2d217b0000, 0x00007f2d30000000]
 total_blobs=2407 nmethods=2070 adapters=252
 compilation: enabled

Compilation events (10 events):
Event: 3.843 Thread 0x00007f2d301c8000 nmethod 2071 0x00007f2d217a6d10 code [0x00007f2d217a6e80, 0x00007f2d217a7028]
Event: 3.843 Thread 0x00007f2d301c8000 2072       3       org.mockito.asm.ClassWriter::newString (70 bytes)
Event: 3.843 Thread 0x00007f2d301c8000 nmethod 2072 0x00007f2d217a64d0 code [0x00007f2d217a66a0, 0x00007f2d217a6b38]
Event: 3.843 Thread 0x00007f2d301c8000 2073       3       org.mockito.asm.ByteVector::put11 (52 bytes)
Event: 3.844 Thread 0x00007f2d301c8000 nmethod 2073 0x00007f2d217a5f90 code [0x00007f2d217a6100, 0x00007f2d217a6348]
Event: 3.844 Thread 0x00007f2d301c8000 2074       3       org.mockito.cglib.core.Signature::getArgumentTypes (8 bytes)
Event: 3.844 Thread 0x00007f2d301c8000 nmethod 2074 0x00007f2d217a5c10 code [0x00007f2d217a5d80, 0x00007f2d217a5f08]
Event: 3.851 Thread 0x00007f2d301c3800 nmethod 2056 0x00007f2d217a8a10 code [0x00007f2d217a8c40, 0x00007f2d217a94f8]
Event: 4.288 Thread 0x00007f2d301c8000 2075       3       java.lang.reflect.Modifier::isFinal (13 bytes)
Event: 4.288 Thread 0x00007f2d301c8000 nmethod 2075 0x00007f2d217a5890 code [0x00007f2d217a5a00, 0x00007f2d217a5b90]

GC Heap History (9 events):
Event: 0.628 GC heap before
{Heap before GC invocations=1 (full 0):
 PSYoungGen      total 37888K, used 32768K [0x00000000d6700000, 0x00000000d9100000, 0x0000000100000000)
  eden space 32768K, 100% used [0x00000000d6700000,0x00000000d8700000,0x00000000d8700000)
  from space 5120K, 0% used [0x00000000d8c00000,0x00000000d8c00000,0x00000000d9100000)
  to   space 5120K, 0% used [0x00000000d8700000,0x00000000d8700000,0x00000000d8c00000)
 ParOldGen       total 86016K, used 0K [0x0000000083400000, 0x0000000088800000, 0x00000000d6700000)
  object space 86016K, 0% used [0x0000000083400000,0x0000000083400000,0x0000000088800000)
 Metaspace       used 5598K, capacity 6264K, committed 6400K, reserved 1056768K
  class space    used 667K, capacity 724K, committed 768K, reserved 1048576K
Event: 0.640 GC heap after
Heap after GC invocations=1 (full 0):
 PSYoungGen      total 37888K, used 3268K [0x00000000d6700000, 0x00000000db100000, 0x0000000100000000)
  eden space 32768K, 0% used [0x00000000d6700000,0x00000000d6700000,0x00000000d8700000)
  from space 5120K, 63% used [0x00000000d8700000,0x00000000d8a313a0,0x00000000d8c00000)
  to   space 5120K, 0% used [0x00000000dac00000,0x00000000dac00000,0x00000000db100000)
 ParOldGen       total 86016K, used 8K [0x0000000083400000, 0x0000000088800000, 0x00000000d6700000)
  object space 86016K, 0% used [0x0000000083400000,0x0000000083402000,0x0000000088800000)
 Metaspace       used 5598K, capacity 6264K, committed 6400K, reserved 1056768K
  class space    used 667K, capacity 724K, committed 768K, reserved 1048576K
}
Event: 1.059 GC heap before
{Heap before GC invocations=2 (full 0):
 PSYoungGen      total 37888K, used 36036K [0x00000000d6700000, 0x00000000db100000, 0x0000000100000000)
  eden space 32768K, 100% used [0x00000000d6700000,0x00000000d8700000,0x00000000d8700000)
  from space 5120K, 63% used [0x00000000d8700000,0x00000000d8a313a0,0x00000000d8c00000)
  to   space 5120K, 0% used [0x00000000dac00000,0x00000000dac00000,0x00000000db100000)
 ParOldGen       total 86016K, used 8K [0x0000000083400000, 0x0000000088800000, 0x00000000d6700000)
  object space 86016K, 0% used [0x0000000083400000,0x0000000083402000,0x0000000088800000)
 Metaspace       used 8572K, capacity 8768K, committed 9088K, reserved 1056768K
  class space    used 995K, capacity 1084K, committed 1152K, reserved 1048576K
Event: 1.069 GC heap after
Heap after GC invocations=2 (full 0):
 PSYoungGen      total 70656K, used 4738K [0x00000000d6700000, 0x00000000db100000, 0x0000000100000000)
  eden space 65536K, 0% used [0x00000000d6700000,0x00000000d6700000,0x00000000da700000)
  from space 5120K, 92% used [0x00000000dac00000,0x00000000db0a0bf0,0x00000000db100000)
  to   space 5120K, 0% used [0x00000000da700000,0x00000000da700000,0x00000000dac00000)
 ParOldGen       total 86016K, used 24K [0x0000000083400000, 0x0000000088800000, 0x00000000d6700000)
  object space 86016K, 0% used [0x0000000083400000,0x0000000083406000,0x0000000088800000)
 Metaspace       used 8572K, capacity 8768K, committed 9088K, reserved 1056768K
  class space    used 995K, capacity 1084K, committed 1152K, reserved 1048576K
}
Event: 1.491 GC heap before
{Heap before GC invocations=3 (full 0):
 PSYoungGen      total 70656K, used 70274K [0x00000000d6700000, 0x00000000db100000, 0x0000000100000000)
  eden space 65536K, 100% used [0x00000000d6700000,0x00000000da700000,0x00000000da700000)
  from space 5120K, 92% used [0x00000000dac00000,0x00000000db0a0bf0,0x00000000db100000)
  to   space 5120K, 0% used [0x00000000da700000,0x00000000da700000,0x00000000dac00000)
 ParOldGen       total 86016K, used 24K [0x0000000083400000, 0x0000000088800000, 0x00000000d6700000)
  object space 86016K, 0% used [0x0000000083400000,0x0000000083406000,0x0000000088800000)
 Metaspace       used 10004K, capacity 10238K, committed 10496K, reserved 1058816K
  class space    used 1160K, capacity 1249K, committed 1280K, reserved 1048576K
Event: 1.505 GC heap after
Heap after GC invocations=3 (full 0):
 PSYoungGen      total 70656K, used 4740K [0x00000000d6700000, 0x00000000df100000, 0x0000000100000000)
  eden space 65536K, 0% used [0x00000000d6700000,0x00000000d6700000,0x00000000da700000)
  from space 5120K, 92% used [0x00000000da700000,0x00000000daba10c8,0x00000000dac00000)
  to   space 5120K, 0% used [0x00000000dec00000,0x00000000dec00000,0x00000000df100000)
 ParOldGen       total 86016K, used 32K [0x0000000083400000, 0x0000000088800000, 0x00000000d6700000)
  object space 86016K, 0% used [0x0000000083400000,0x0000000083408000,0x0000000088800000)
 Metaspace       used 10004K, capacity 10238K, committed 10496K, reserved 1058816K
  class space    used 1160K, capacity 1249K, committed 1280K, reserved 1048576K
}
Event: 2.023 GC heap before
{Heap before GC invocations=4 (full 0):
 PSYoungGen      total 70656K, used 70276K [0x00000000d6700000, 0x00000000df100000, 0x0000000100000000)
  eden space 65536K, 100% used [0x00000000d6700000,0x00000000da700000,0x00000000da700000)
  from space 5120K, 92% used [0x00000000da700000,0x00000000daba10c8,0x00000000dac00000)
  to   space 5120K, 0% used [0x00000000dec00000,0x00000000dec00000,0x00000000df100000)
 ParOldGen       total 86016K, used 32K [0x0000000083400000, 0x0000000088800000, 0x00000000d6700000)
  object space 86016K, 0% used [0x0000000083400000,0x0000000083408000,0x0000000088800000)
 Metaspace       used 11958K, capacity 12170K, committed 12416K, reserved 1060864K
  class space    used 1452K, capacity 1549K, committed 1664K, reserved 1048576K
Event: 2.032 GC heap after
Heap after GC invocations=4 (full 0):
 PSYoungGen      total 136192K, used 5111K [0x00000000d6700000, 0x00000000df100000, 0x0000000100000000)
  eden space 131072K, 0% used [0x00000000d6700000,0x00000000d6700000,0x00000000de700000)
  from space 5120K, 99% used [0x00000000dec00000,0x00000000df0fdee0,0x00000000df100000)
  to   space 5120K, 0% used [0x00000000de700000,0x00000000de700000,0x00000000dec00000)
 ParOldGen       total 86016K, used 467K [0x0000000083400000, 0x0000000088800000, 0x00000000d6700000)
  object space 86016K, 0% used [0x0000000083400000,0x0000000083474dd8,0x0000000088800000)
 Metaspace       used 11958K, capacity 12170K, committed 12416K, reserved 1060864K
  class space    used 1452K, capacity 1549K, committed 1664K, reserved 1048576K
}
Event: 4.728 GC heap before
{Heap before GC invocations=5 (full 0):
 PSYoungGen      total 136192K, used 136183K [0x00000000d6700000, 0x00000000df100000, 0x0000000100000000)
  eden space 131072K, 100% used [0x00000000d6700000,0x00000000de700000,0x00000000de700000)
  from space 5120K, 99% used [0x00000000dec00000,0x00000000df0fdee0,0x00000000df100000)
  to   space 5120K, 0% used [0x00000000de700000,0x00000000de700000,0x00000000dec00000)
 ParOldGen       total 86016K, used 467K [0x0000000083400000, 0x0000000088800000, 0x00000000d6700000)
  object space 86016K, 0% used [0x0000000083400000,0x0000000083474dd8,0x0000000088800000)
 Metaspace       used 15175K, capacity 15514K, committed 15872K, reserved 1062912K
  class space    used 1881K, capacity 1993K, committed 2048K, reserved 1048576K

Deoptimization events (10 events):
Event: 2.067 Thread 0x00007f2d3000a000 Uncommon trap: reason=class_check action=maybe_recompile pc=0x00007f2d21458364 method=java.io.DataInputStream.readUnsignedByte()I @ 4
Event: 2.067 Thread 0x00007f2d3000a000 Uncommon trap: reason=class_check action=maybe_recompile pc=0x00007f2d21458364 method=java.io.DataInputStream.readUnsignedByte()I @ 4
Event: 2.072 Thread 0x00007f2d3000a000 Uncommon trap: reason=class_check action=maybe_recompile pc=0x00007f2d21161f70 method=java.lang.String.equals(Ljava/lang/Object;)Z @ 8
Event: 2.073 Thread 0x00007f2d3000a000 Uncommon trap: reason=class_check action=maybe_recompile pc=0x00007f2d21161f70 method=java.lang.String.equals(Ljava/lang/Object;)Z @ 8
Event: 2.073 Thread 0x00007f2d3000a000 Uncommon trap: reason=class_check action=maybe_recompile pc=0x00007f2d21161f70 method=java.lang.String.equals(Ljava/lang/Object;)Z @ 8
Event: 2.177 Thread 0x00007f2d3000a000 Uncommon trap: reason=bimorphic action=maybe_recompile pc=0x00007f2d215e2c48 method=java.io.DataInputStream.readFully([BII)V @ 34
Event: 2.177 Thread 0x00007f2d3000a000 Uncommon trap: reason=bimorphic action=maybe_recompile pc=0x00007f2d215e2c48 method=java.io.DataInputStream.readFully([BII)V @ 34
Event: 2.692 Thread 0x00007f2d3000a000 Uncommon trap: reason=bimorphic action=maybe_recompile pc=0x00007f2d215e2e58 method=java.io.BufferedInputStream.read([BII)I @ 101
Event: 2.739 Thread 0x00007f2d3000a000 Uncommon trap: reason=unstable_if action=reinterpret pc=0x00007f2d215ff92c method=javassist.bytecode.stackmap.TypeData$TypeVar.fixTypes(Ljava/util/ArrayList;Ljavassist/ClassPool;)V @ 125
Event: 2.897 Thread 0x00007f2d3000a000 Uncommon trap: reason=unstable_if action=reinterpret pc=0x00007f2d2154c1ac method=java.util.HashMap$HashIterator.<init>(Ljava/util/HashMap;)V @ 45

Internal exceptions (10 events):
Event: 1.808 Thread 0x00007f2d3000a000 Exception <a 'java/lang/ArrayIndexOutOfBoundsException': 40> (0x00000000d7f0eb08) thrown at [/HUDSON/workspace/8-2-build-linux-amd64/jdk8u131/8869/hotspot/src/share/vm/interpreter/interpreterRuntime.cpp, line 366]
Event: 1.878 Thread 0x00007f2d3000a000 Implicit null exception at 0x00007f2d211f5e34 to 0x00007f2d211f6241
Event: 1.930 Thread 0x00007f2d3000a000 Exception <a 'java/security/PrivilegedActionException'> (0x00000000d98ae8b0) thrown at [/HUDSON/workspace/8-2-build-linux-amd64/jdk8u131/8869/hotspot/src/share/vm/prims/jvm.cpp, line 1390]
Event: 1.930 Thread 0x00007f2d3000a000 Exception <a 'java/security/PrivilegedActionException'> (0x00000000d98af078) thrown at [/HUDSON/workspace/8-2-build-linux-amd64/jdk8u131/8869/hotspot/src/share/vm/prims/jvm.cpp, line 1390]
Event: 1.930 Thread 0x00007f2d3000a000 Exception <a 'java/security/PrivilegedActionException'> (0x00000000d98b20a0) thrown at [/HUDSON/workspace/8-2-build-linux-amd64/jdk8u131/8869/hotspot/src/share/vm/prims/jvm.cpp, line 1390]
Event: 1.930 Thread 0x00007f2d3000a000 Exception <a 'java/security/PrivilegedActionException'> (0x00000000d98b2868) thrown at [/HUDSON/workspace/8-2-build-linux-amd64/jdk8u131/8869/hotspot/src/share/vm/prims/jvm.cpp, line 1390]
Event: 2.680 Thread 0x00007f2d3000a000 Exception <a 'java/security/PrivilegedActionException'> (0x00000000d86104a0) thrown at [/HUDSON/workspace/8-2-build-linux-amd64/jdk8u131/8869/hotspot/src/share/vm/prims/jvm.cpp, line 1390]
Event: 2.680 Thread 0x00007f2d3000a000 Exception <a 'java/security/PrivilegedActionException'> (0x00000000d8610a80) thrown at [/HUDSON/workspace/8-2-build-linux-amd64/jdk8u131/8869/hotspot/src/share/vm/prims/jvm.cpp, line 1390]
Event: 2.680 Thread 0x00007f2d3000a000 Exception <a 'java/security/PrivilegedActionException'> (0x00000000d86138c0) thrown at [/HUDSON/workspace/8-2-build-linux-amd64/jdk8u131/8869/hotspot/src/share/vm/prims/jvm.cpp, line 1390]
Event: 2.680 Thread 0x00007f2d3000a000 Exception <a 'java/security/PrivilegedActionException'> (0x00000000d8613ea0) thrown at [/HUDSON/workspace/8-2-build-linux-amd64/jdk8u131/8869/hotspot/src/share/vm/prims/jvm.cpp, line 1390]

Events (10 events):
Event: 3.758 loading class com/google/common/collect/ObjectArrays done
Event: 3.766 loading class com/qcadoo/mes/masterOrders/validators/OrderValidatorsMO
Event: 3.766 loading class com/qcadoo/mes/masterOrders/validators/OrderValidatorsMO done
Event: 3.767 loading class com/qcadoo/localization/api/TranslationService
Event: 3.767 loading class com/qcadoo/localization/api/TranslationService done
Event: 3.825 loading class com/qcadoo/model/api/types/FieldType
Event: 3.825 loading class com/qcadoo/model/api/types/FieldType done
Event: 4.074 Executing VM operation: EnableBiasedLocking
Event: 4.075 Executing VM operation: EnableBiasedLocking done
Event: 4.700 Executing VM operation: ParallelGCFailedAllocation


Dynamic libraries:
00400000-00401000 r-xp 00000000 fd:01 5905620                            /usr/lib/jvm/java-8-oracle/jre/bin/java
00600000-00601000 rw-p 00000000 fd:01 5905620                            /usr/lib/jvm/java-8-oracle/jre/bin/java
01a62000-01a83000 rw-p 00000000 00:00 0                                  [heap]
83400000-88800000 rw-p 00000000 00:00 0 
88800000-d6700000 ---p 00000000 00:00 0 
d6700000-df100000 rw-p 00000000 00:00 0 
e7800000-100000000 ---p 00000000 00:00 0 
100000000-100200000 rw-p 00000000 00:00 0 
100200000-140000000 ---p 00000000 00:00 0 
7f2cdc000000-7f2cdc021000 rw-p 00000000 00:00 0 
7f2cdc021000-7f2ce0000000 ---p 00000000 00:00 0 
7f2ce0000000-7f2ce0021000 rw-p 00000000 00:00 0 
7f2ce0021000-7f2ce4000000 ---p 00000000 00:00 0 
7f2ce4000000-7f2ce4eb2000 rw-p 00000000 00:00 0 
7f2ce4eb2000-7f2ce8000000 ---p 00000000 00:00 0 
7f2ce8000000-7f2ce8559000 rw-p 00000000 00:00 0 
7f2ce8559000-7f2cec000000 ---p 00000000 00:00 0 
7f2cec000000-7f2cec021000 rw-p 00000000 00:00 0 
7f2cec021000-7f2cf0000000 ---p 00000000 00:00 0 
7f2cf0000000-7f2cf0a0b000 rw-p 00000000 00:00 0 
7f2cf0a0b000-7f2cf4000000 ---p 00000000 00:00 0 
7f2cf4000000-7f2cf4021000 rw-p 00000000 00:00 0 
7f2cf4021000-7f2cf8000000 ---p 00000000 00:00 0 
7f2cf8000000-7f2cf8021000 rw-p 00000000 00:00 0 
7f2cf8021000-7f2cfc000000 ---p 00000000 00:00 0 
7f2cfc000000-7f2cfc28f000 rw-p 00000000 00:00 0 
7f2cfc28f000-7f2d00000000 ---p 00000000 00:00 0 
7f2d00e14000-7f2d00f94000 rw-p 00000000 00:00 0 
7f2d00f94000-7f2d01014000 ---p 00000000 00:00 0 
7f2d01014000-7f2d01214000 rw-p 00000000 00:00 0 
7f2d01214000-7f2d01414000 rw-p 00000000 00:00 0 
7f2d01414000-7f2d01427000 r--s 00345000 fd:01 5905764                    /usr/lib/jvm/java-8-oracle/jre/lib/resources.jar
7f2d01427000-7f2d01429000 r--s 0000e000 fd:01 11010930                   /root/.m2/repository/org/apache/maven/surefire/surefire-junit4/2.17/surefire-junit4-2.17.jar
7f2d01429000-7f2d0142c000 r--s 00009000 fd:01 7742063                    /root/.m2/repository/com/fasterxml/jackson/core/jackson-annotations/2.6.0/jackson-annotations-2.6.0.jar
7f2d0142c000-7f2d0143d000 r--s 0010d000 fd:01 7742059                    /root/.m2/repository/com/fasterxml/jackson/core/jackson-databind/2.6.3/jackson-databind-2.6.3.jar
7f2d0143d000-7f2d01441000 r--s 0003c000 fd:01 7742050                    /root/.m2/repository/com/fasterxml/jackson/core/jackson-core/2.6.3/jackson-core-2.6.3.jar
7f2d01441000-7f2d01443000 r--s 00003000 fd:01 11142894                   /root/.m2/repository/org/powermock/powermock-api-support/1.5.6/powermock-api-support-1.5.6.jar
7f2d01443000-7f2d01446000 r--s 0000f000 fd:01 11142848                   /root/.m2/repository/org/powermock/powermock-api-mockito/1.5.6/powermock-api-mockito-1.5.6.jar
7f2d01446000-7f2d01448000 r--s 00009000 fd:01 11142784                   /root/.m2/repository/org/objenesis/objenesis/2.1/objenesis-2.1.jar
7f2d01448000-7f2d0144a000 r--s 00009000 fd:01 11142853                   /root/.m2/repository/org/powermock/powermock-reflect/1.5.6/powermock-reflect-1.5.6.jar
7f2d0144a000-7f2d0144d000 r--s 00012000 fd:01 11142834                   /root/.m2/repository/org/powermock/powermock-core/1.5.6/powermock-core-1.5.6.jar
7f2d0144d000-7f2d0144f000 r--s 00002000 fd:01 11142863                   /root/.m2/repository/org/powermock/powermock-module-junit4-common/1.5.6/powermock-module-junit4-common-1.5.6.jar
7f2d0144f000-7f2d01450000 r--s 00005000 fd:01 11142875                   /root/.m2/repository/org/powermock/powermock-module-junit4/1.5.6/powermock-module-junit4-1.5.6.jar
7f2d01450000-7f2d0146d000 r--s 0010b000 fd:01 11142571                   /root/.m2/repository/org/mockito/mockito-all/1.10.8/mockito-all-1.10.8.jar
7f2d0146d000-7f2d0146f000 r--s 00011000 fd:01 11141990                   /root/.m2/repository/org/hamcrest/hamcrest-core/1.1/hamcrest-core-1.1.jar
7f2d0146f000-7f2d01476000 r--s 00036000 fd:01 11272469                   /root/.m2/repository/junit/junit/4.9/junit-4.9.jar
7f2d01476000-7f2d01478000 r--s 00018000 fd:01 7614062                    /root/.m2/repository/javax/servlet/servlet-api/2.5/servlet-api-2.5.jar
7f2d01478000-7f2d0147a000 r--s 00003000 fd:01 11142604                   /root/.m2/repository/org/slf4j/jcl-over-slf4j/1.6.1/jcl-over-slf4j-1.6.1.jar
7f2d0147a000-7f2d01483000 r--s 0006d000 fd:01 11272328                   /root/.m2/repository/log4j/log4j/1.2.16/log4j-1.2.16.jar
7f2d01483000-7f2d01484000 r--s 00002000 fd:01 11142688                   /root/.m2/repository/org/slf4j/slf4j-log4j12/1.6.1/slf4j-log4j12-1.6.1.jar
7f2d01484000-7f2d01486000 r--s 00005000 fd:01 11142637                   /root/.m2/repository/org/slf4j/slf4j-api/1.6.1/slf4j-api-1.6.1.jar
7f2d01486000-7f2d014b1000 r--s 001f9000 fd:01 10752063                   /root/.m2/repository/com/google/guava/guava/17.0/guava-17.0.jar
7f2d014b1000-7f2d014c0000 r--s 0007f000 fd:01 11010052                   /root/.m2/repository/joda-time/joda-time/2.3/joda-time-2.3.jar
7f2d014c0000-7f2d014c3000 r--s 00023000 fd:01 11142070                   /root/.m2/repository/org/jdom/jdom/1.1/jdom-1.1.jar
7f2d014c3000-7f2d014c5000 r--s 0000e000 fd:01 11010342                   /root/.m2/repository/commons-logging/commons-logging/1.1.3/commons-logging-1.1.3.jar
7f2d014c5000-7f2d014d8000 r--s 000c6000 fd:01 11142125                   /root/.m2/repository/org/springframework/spring-core/3.2.11.RELEASE/spring-core-3.2.11.RELEASE.jar
7f2d014d8000-7f2d014da000 r--s 0000c000 fd:01 13764431                   /root/.m2/repository/com/qcadoo/saas/qcadoo-saas-shop/1.5-SNAPSHOT/qcadoo-saas-shop-1.5-SNAPSHOT.jar
7f2d014da000-7f2d014dc000 r--s 00005000 fd:01 13764417                   /root/.m2/repository/com/qcadoo/saas/qcadoo-saas-plugin/1.5-SNAPSHOT/qcadoo-saas-plugin-1.5-SNAPSHOT.jar
7f2d014dc000-7f2d014e0000 r--s 0005b000 fd:01 11143962                   /root/.m2/repository/quartz/quartz/1.5.2/quartz-1.5.2.jar
7f2d014e0000-7f2d014e2000 r--s 00007000 fd:01 13764410                   /root/.m2/repository/com/qcadoo/saas/qcadoo-saas-tenant/1.5-SNAPSHOT/qcadoo-saas-tenant-1.5-SNAPSHOT.jar
7f2d014e2000-7f2d014e3000 r--s 00003000 fd:01 13764424                   /root/.m2/repository/com/qcadoo/saas/qcadoo-saas-model/1.5-SNAPSHOT/qcadoo-saas-model-1.5-SNAPSHOT.jar
7f2d014e3000-7f2d014e4000 r--s 00002000 fd:01 11930099                   /root/.m2/repository/com/qcadoo/qcadoo-testing/1.5-SNAPSHOT/qcadoo-testing-1.5-SNAPSHOT.jar
7f2d014e4000-7f2d014e6000 r--s 00004000 fd:01 10619850                   /root/.m2/repository/com/qcadoo/qcadoo-commons/1.5-SNAPSHOT/qcadoo-commons-1.5-SNAPSHOT.jar
7f2d014e6000-7f2d014e7000 r--s 00004000 fd:01 12452732                   /root/.m2/repository/com/qcadoo/qcadoo-plugins-export/1.5-SNAPSHOT/qcadoo-plugins-export-1.5-SNAPSHOT.jar
7f2d014e7000-7f2d014e9000 r--s 00005000 fd:01 13764303                   /root/.m2/repository/com/qcadoo/qcadoo-plugins-custom-translation-management/1.5-SNAPSHOT/qcadoo-plugins-custom-translation-management-1.5-SNAPSHOT.jar
7f2d014e9000-7f2d014eb000 r--s 00008000 fd:01 12452818                   /root/.m2/repository/com/qcadoo/qcadoo-custom-translation/1.5-SNAPSHOT/qcadoo-custom-translation-1.5-SNAPSHOT.jar
7f2d014eb000-7f2d014ed000 r--s 00004000 fd:01 12452650                   /root/.m2/repository/com/qcadoo/qcadoo-plugins-dictionary-management/1.5-SNAPSHOT/qcadoo-plugins-dictionary-management-1.5-SNAPSHOT.jar
7f2d014ed000-7f2d014ef000 r--s 00006000 fd:01 12452603                   /root/.m2/repository/com/qcadoo/qcadoo-plugins-user-management/1.5-SNAPSHOT/qcadoo-plugins-user-management-1.5-SNAPSHOT.jar
7f2d014ef000-7f2d014f0000 r--s 00004000 fd:01 12452692                   /root/.m2/repository/com/qcadoo/qcadoo-plugins-menu-management/1.5-SNAPSHOT/qcadoo-plugins-menu-management-1.5-SNAPSHOT.jar
7f2d014f0000-7f2d01514000 r--s 00341000 fd:01 11010180                   /root/.m2/repository/eclipse/jdtcore/3.1.0/jdtcore-3.1.0.jar
7f2d01514000-7f2d0151c000 r--s 00028000 fd:01 11010416                   /root/.m2/repository/xml-apis/xml-apis/1.3.02/xml-apis-1.3.02.jar
7f2d0151c000-7f2d0152c000 r--s 0013f000 fd:01 11272390                   /root/.m2/repository/jfree/jfreechart/1.0.12/jfreechart-1.0.12.jar
7f2d0152c000-7f2d01532000 r--s 00046000 fd:01 11272396                   /root/.m2/repository/jfree/jcommon/1.0.15/jcommon-1.0.15.jar
7f2d01532000-7f2d01568000 r--s 002c5000 fd:01 11010274                   /root/.m2/repository/net/sf/jasperreports/jasperreports/4.0.2/jasperreports-4.0.2.jar
7f2d01568000-7f2d0156a000 r--s 00005000 fd:01 10881200                   /root/.m2/repository/stax/stax-api/1.0.1/stax-api-1.0.1.jar
7f2d0156a000-7f2d015a7000 r--s 0024f000 fd:01 11010540                   /root/.m2/repository/org/apache/xmlbeans/xmlbeans/2.3.0/xmlbeans-2.3.0.jar
7f2d015a7000-7f2d0163b000 r--s 00401000 fd:01 11141777                   /root/.m2/repository/org/apache/poi/poi-ooxml-schemas/3.9/poi-ooxml-schemas-3.9.jar
7f2d0163b000-7f2d01647000 r--s 000d9000 fd:01 11141784                   /root/.m2/repository/org/apache/poi/poi-ooxml/3.9/poi-ooxml-3.9.jar
7f2d01647000-7f2d01649000 r--s 00010000 fd:01 7473443                    /root/.m2/repository/commons-codec/commons-codec/1.5/commons-codec-1.5.jar
7f2d01649000-7f2d01669000 r--s 001a9000 fd:01 11141791                   /root/.m2/repository/org/apache/poi/poi/3.9/poi-3.9.jar
7f2d01669000-7f2d0166d000 r--s 0002b000 fd:01 11142048                   /root/.m2/repository/org/bouncycastle/bcmail-jdk14/1.38/bcmail-jdk14-1.38.jar
7f2d0166d000-7f2d0168e000 r--s 0015a000 fd:01 11142061                   /root/.m2/repository/org/bouncycastle/bcprov-jdk14/1.38/bcprov-jdk14-1.38.jar
7f2d0168e000-7f2d016af000 r--s 0015a000 fd:01 7877532                    /root/.m2/repository/bouncycastle/bcprov-jdk14/138/bcprov-jdk14-138.jar
7f2d016af000-7f2d016b3000 r--s 0002b000 fd:01 7614129                    /root/.m2/repository/bouncycastle/bcmail-jdk14/138/bcmail-jdk14-138.jar
7f2d016b3000-7f2d016bf000 r--s 00108000 fd:01 9704126                    /root/.m2/repository/com/lowagie/itext/2.1.7/itext-2.1.7.jar
7f2d016bf000-7f2d016c2000 r--s 008cd000 fd:01 11930435                   /root/.m2/repository/com/qcadoo/qcadoo-report/1.5-SNAPSHOT/qcadoo-report-1.5-SNAPSHOT.jar
7f2d016c2000-7f2d016c4000 r--s 0000a000 fd:01 11142722                   /root/.m2/repository/org/json/json/20090211/json-20090211.jar
7f2d016c4000-7f2d016ec000 r--s 002c5000 fd:01 11930388                   /root/.m2/repository/com/qcadoo/qcadoo-view/1.5-SNAPSHOT/qcadoo-view-1.5-SNAPSHOT.jar
7f2d016ec000-7f2d016ee000 r--s 0000e000 fd:01 7614029                    /root/.m2/repository/javax/activation/activation/1.1/activation-1.1.jar
7f2d016ee000-7f2d016f6000 r--s 00075000 fd:01 7614082                    /root/.m2/repository/javax/mail/mail/1.4.5/mail-1.4.5.jar
7f2d016f6000-7f2d01711000 r--s 004b6000 fd:01 11010240                   /root/.m2/repository/net/sourceforge/saxon/saxon/9.1.0.8/saxon-9.1.0.8.jar
7f2d01711000-7f2d01719000 r--s 00055000 fd:01 11275728                   /root/.m2/repository/com/qcadoo/qcadoo-model/1.5-SNAPSHOT/qcadoo-model-1.5-SNAPSHOT.jar
7f2d01719000-7f2d0171c000 r--s 00010000 fd:01 11930116                   /root/.m2/repository/com/qcadoo/qcadoo-security/1.5-SNAPSHOT/qcadoo-security-1.5-SNAPSHOT.jar
7f2d0171c000-7f2d01720000 r--s 00019000 fd:01 11142770                   /root/.m2/repository/org/aspectj/aspectjrt/1.8.2/aspectjrt-1.8.2.jar
7f2d01720000-7f2d01727000 r--s 00066000 fd:01 11142506                   /root/.m2/repository/org/quartz-scheduler/quartz/1.8.5/quartz-1.8.5.jar
7f2d01727000-7f2d01731000 r--s 000a5000 fd:01 11142707                   /root/.m2/repository/org/javassist/javassist/3.18.1-GA/javassist-3.18.1-GA.jar
7f2d01731000-7f2d0173c000 r--s 00065000 fd:01 11142234                   /root/.m2/repository/org/springframework/spring-test/3.2.11.RELEASE/spring-test-3.2.11.RELEASE.jar
7f2d0173c000-7f2d01740000 r--s 00020000 fd:01 10881222                   /root/.m2/repository/commons-digester/commons-digester/1.8/commons-digester-1.8.jar
7f2d01740000-7f2d01744000 r--s 00028000 fd:01 7614008                    /root/.m2/repository/commons-validator/commons-validator/1.4.0/commons-validator-1.4.0.jar
7f2d01744000-7f2d01748000 r--s 0002a000 fd:01 11272309                   /root/.m2/repository/commons-io/commons-io/2.4/commons-io-2.4.jar
7f2d01748000-7f2d0174d000 r--s 00034000 fd:01 11272265                   /root/.m2/repository/commons-beanutils/commons-beanutils/1.9.1/commons-beanutils-1.9.1.jar
7f2d0174d000-7f2d01754000 r--s 0005e000 fd:01 11010771                   /root/.m2/repository/org/apache/commons/commons-lang3/3.3.2/commons-lang3-3.3.2.jar
7f2d01754000-7f2d01759000 r--s 00015000 fd:01 11142521                   /root/.m2/repository/org/hibernate/javax/persistence/hibernate-jpa-2.0-api/1.0.1.Final/hibernate-jpa-2.0-api-1.0.1.Final.jar
7f2d01759000-7f2d0175a000 ---p 00000000 00:00 0 
7f2d0175a000-7f2d0185a000 rw-p 00000000 00:00 0 
7f2d0185a000-7f2d0185d000 ---p 00000000 00:00 0 
7f2d0185d000-7f2d0195b000 rw-p 00000000 00:00 0 
7f2d0195b000-7f2d0195e000 ---p 00000000 00:00 0 
7f2d0195e000-7f2d01a5c000 rw-p 00000000 00:00 0 
7f2d01a5c000-7f2d01a5f000 ---p 00000000 00:00 0 
7f2d01a5f000-7f2d01b5d000 rw-p 00000000 00:00 0 
7f2d01b5d000-7f2d01b60000 ---p 00000000 00:00 0 
7f2d01b60000-7f2d01c5e000 rw-p 00000000 00:00 0 
7f2d01c5e000-7f2d01c61000 ---p 00000000 00:00 0 
7f2d01c61000-7f2d01d5f000 rw-p 00000000 00:00 0 
7f2d01d5f000-7f2d021ea000 r--p 00000000 fd:01 6167133                    /usr/lib/locale/locale-archive
7f2d021ea000-7f2d021ed000 ---p 00000000 00:00 0 
7f2d021ed000-7f2d022eb000 rw-p 00000000 00:00 0 
7f2d022eb000-7f2d022ee000 ---p 00000000 00:00 0 
7f2d022ee000-7f2d023ec000 rw-p 00000000 00:00 0 
7f2d023ec000-7f2d023ed000 ---p 00000000 00:00 0 
7f2d023ed000-7f2d04000000 rw-p 00000000 00:00 0 
7f2d04000000-7f2d04021000 rw-p 00000000 00:00 0 
7f2d04021000-7f2d08000000 ---p 00000000 00:00 0 
7f2d08000000-7f2d08021000 rw-p 00000000 00:00 0 
7f2d08021000-7f2d0c000000 ---p 00000000 00:00 0 
7f2d0c000000-7f2d0c021000 rw-p 00000000 00:00 0 
7f2d0c021000-7f2d10000000 ---p 00000000 00:00 0 
7f2d10000000-7f2d10001000 r--s 00005000 fd:01 11142053                   /root/.m2/repository/org/bouncycastle/bctsp-jdk14/1.38/bctsp-jdk14-1.38.jar
7f2d10001000-7f2d10002000 r--s 00001000 fd:01 11930092                   /root/.m2/repository/com/qcadoo/qcadoo-mail/1.5-SNAPSHOT/qcadoo-mail-1.5-SNAPSHOT.jar
7f2d10002000-7f2d10005000 r--s 0000f000 fd:01 11142530                   /root/.m2/repository/org/hibernate/hibernate-commons-annotations/3.2.0.Final/hibernate-commons-annotations-3.2.0.Final.jar
7f2d10005000-7f2d1000a000 r--s 00048000 fd:01 7613988                    /root/.m2/repository/dom4j/dom4j/1.6.1/dom4j-1.6.1.jar
7f2d1000a000-7f2d10017000 r--s 0007c000 fd:01 11010079                   /root/.m2/repository/commons-collections/commons-collections/3.1/commons-collections-3.1.jar
7f2d10017000-7f2d1001d000 r--s 00067000 fd:01 10881179                   /root/.m2/repository/antlr/antlr/2.7.6/antlr-2.7.6.jar
7f2d1001d000-7f2d1004f000 r--s 002c8000 fd:01 11142543                   /root/.m2/repository/org/hibernate/hibernate-core/3.6.9.Final/hibernate-core-3.6.9.Final.jar
7f2d1004f000-7f2d10067000 r--s 001ae000 fd:01 11142758                   /root/.m2/repository/org/aspectj/aspectjweaver/1.8.2/aspectjweaver-1.8.2.jar
7f2d10067000-7f2d10071000 r--s 0004a000 fd:01 11142201                   /root/.m2/repository/org/springframework/security/spring-security-web/3.2.5.RELEASE/spring-security-web-3.2.5.RELEASE.jar
7f2d10071000-7f2d10079000 r--s 0005c000 fd:01 11142177                   /root/.m2/repository/org/springframework/security/spring-security-config/3.2.5.RELEASE/spring-security-config-3.2.5.RELEASE.jar
7f2d10079000-7f2d10084000 r--s 0004f000 fd:01 11142191                   /root/.m2/repository/org/springframework/security/spring-security-core/3.2.5.RELEASE/spring-security-core-3.2.5.RELEASE.jar
7f2d10084000-7f2d10090000 r--s 00090000 fd:01 11142134                   /root/.m2/repository/org/springframework/spring-webmvc/3.2.11.RELEASE/spring-webmvc-3.2.11.RELEASE.jar
7f2d10090000-7f2d1009f000 r--s 0008c000 fd:01 11142281                   /root/.m2/repository/org/springframework/spring-web/3.2.11.RELEASE/spring-web-3.2.11.RELEASE.jar
7f2d1009f000-7f2d14000000 rw-p 00000000 00:00 0 
7f2d14000000-7f2d14021000 rw-p 00000000 00:00 0 
7f2d14021000-7f2d18000000 ---p 00000000 00:00 0 
7f2d18000000-7f2d18021000 rw-p 00000000 00:00 0 
7f2d18021000-7f2d1c000000 ---p 00000000 00:00 0 
7f2d1c000000-7f2d1c021000 rw-p 00000000 00:00 0 
7f2d1c021000-7f2d20000000 ---p 00000000 00:00 0 
7f2d20000000-7f2d20001000 r--s 00006000 fd:01 10619929                   /root/.m2/repository/com/qcadoo/qcadoo-localization/1.5-SNAPSHOT/qcadoo-localization-1.5-SNAPSHOT.jar
7f2d20001000-7f2d20002000 r--s 00003000 fd:01 7614068                    /root/.m2/repository/javax/transaction/jta/1.1/jta-1.1.jar
7f2d20002000-7f2d20004000 r--s 0000b000 fd:01 11142141                   /root/.m2/repository/org/springframework/spring-aspects/3.2.11.RELEASE/spring-aspects-3.2.11.RELEASE.jar
7f2d20004000-7f2d2000c000 r--s 00034000 fd:01 11142154                   /root/.m2/repository/org/springframework/spring-tx/3.2.11.RELEASE/spring-tx-3.2.11.RELEASE.jar
7f2d2000c000-7f2d20016000 r--s 0005a000 fd:01 11142162                   /root/.m2/repository/org/springframework/spring-jdbc/3.2.11.RELEASE/spring-jdbc-3.2.11.RELEASE.jar
7f2d20016000-7f2d2001f000 r--s 00056000 fd:01 11142223                   /root/.m2/repository/org/springframework/spring-orm/3.2.11.RELEASE/spring-orm-3.2.11.RELEASE.jar
7f2d2001f000-7f2d20023000 r--s 0002c000 fd:01 11142298                   /root/.m2/repository/org/springframework/spring-expression/3.2.11.RELEASE/spring-expression-3.2.11.RELEASE.jar
7f2d20023000-7f2d20027000 r--s 0001c000 fd:01 11142111                   /root/.m2/repository/org/springframework/spring-context-support/3.2.11.RELEASE/spring-context-support-3.2.11.RELEASE.jar
7f2d20027000-7f2d2003c000 r--s 000bf000 fd:01 11142248                   /root/.m2/repository/org/springframework/spring-context/3.2.11.RELEASE/spring-context-3.2.11.RELEASE.jar
7f2d2003c000-7f2d20048000 r--s 0008a000 fd:01 11142216                   /root/.m2/repository/org/springframework/spring-beans/3.2.11.RELEASE/spring-beans-3.2.11.RELEASE.jar
7f2d20048000-7f2d2004a000 r--s 00000000 fd:01 11272288                   /root/.m2/repository/aopalliance/aopalliance/1.0/aopalliance-1.0.jar
7f2d2004a000-7f2d20053000 r--s 0004a000 fd:01 11142269                   /root/.m2/repository/org/springframework/spring-aop/3.2.11.RELEASE/spring-aop-3.2.11.RELEASE.jar
7f2d20053000-7f2d2005e000 r--s 0008b000 fd:01 11010070                   /root/.m2/repository/c3p0/c3p0/0.9.1.2/c3p0-0.9.1.2.jar
7f2d2005e000-7f2d20065000 r--s 00034000 fd:01 11010208                   /root/.m2/repository/jgrapht/jgrapht/0.8.2/jgrapht-0.8.2.jar
7f2d20065000-7f2d20067000 r--s 00001000 fd:01 9703029                    /root/.m2/repository/com/qcadoo/qcadoo-tenant/1.5-SNAPSHOT/qcadoo-tenant-1.5-SNAPSHOT.jar
7f2d20067000-7f2d2006a000 r--s 00016000 fd:01 10619447                   /root/.m2/repository/com/qcadoo/qcadoo-plugin/1.5-SNAPSHOT/qcadoo-plugin-1.5-SNAPSHOT.jar
7f2d2006a000-7f2d2006d000 r--s 00008000 fd:01 11010286                   /root/.m2/repository/net/objecthunter/exp4j/0.4.4/exp4j-0.4.4.jar
7f2d2006d000-7f2d20070000 r--s 00011000 fd:01 13107621                   /root/Desktop/20170604-173new/mes/mes-plugins/mes-plugins-production-lines/target/mes-plugins-production-lines-1.5-SNAPSHOT.jar
7f2d20070000-7f2d20072000 r--s 00004000 fd:01 8000640                    /root/.m2/repository/com/sun/jersey/contribs/jersey-oauth/oauth-signature/1.5/oauth-signature-1.5.jar
7f2d20072000-7f2d20074000 r--s 00001000 fd:01 8000624                    /root/.m2/repository/com/sun/jersey/contribs/jersey-oauth/oauth-client/1.5/oauth-client-1.5.jar
7f2d20074000-7f2d20076000 r--s 00005000 fd:01 11143657                   /root/.m2/repository/org/codehaus/jackson/jackson-xc/1.5.5/jackson-xc-1.5.5.jar
7f2d20076000-7f2d20078000 r--s 00003000 fd:01 11143644                   /root/.m2/repository/org/codehaus/jackson/jackson-jaxrs/1.5.5/jackson-jaxrs-1.5.5.jar
7f2d20078000-7f2d20082000 r--s 0006d000 fd:01 11143641                   /root/.m2/repository/org/codehaus/jackson/jackson-mapper-asl/1.5.5/jackson-mapper-asl-1.5.5.jar
7f2d20082000-7f2d20085000 r--s 00027000 fd:01 11143628                   /root/.m2/repository/org/codehaus/jackson/jackson-core-asl/1.5.5/jackson-core-asl-1.5.5.jar
7f2d20085000-7f2d20087000 r--s 0000f000 fd:01 11142918                   /root/.m2/repository/org/codehaus/jettison/jettison/1.1/jettison-1.1.jar
7f2d20087000-7f2d2008b000 r--s 00020000 fd:01 7877508                    /root/.m2/repository/com/sun/jersey/jersey-json/1.5/jersey-json-1.5.jar
7f2d2008b000-7f2d20091000 r--s 00045000 fd:01 11272224                   /root/.m2/repository/commons-httpclient/commons-httpclient/3.1/commons-httpclient-3.1.jar
7f2d20091000-7f2d20093000 r--s 00004000 fd:01 8000617                    /root/.m2/repository/com/sun/jersey/contribs/jersey-apache-client/1.5/jersey-apache-client-1.5.jar
7f2d20093000-7f2d20095000 r--s 00008000 fd:01 11143742                   /root/.m2/repository/org/jvnet/mimepull/1.4/mimepull-1.4.jar
7f2d20095000-7f2d200a0000 r--s 00065000 fd:01 7877511                    /root/.m2/repository/com/sun/jersey/jersey-core/1.5/jersey-core-1.5.jar
7f2d200a0000-7f2d201a1000 rw-p 00000000 00:00 0 
7f2d201a1000-7f2d2037a000 r--s 03d40000 fd:01 5905726                    /usr/lib/jvm/java-8-oracle/jre/lib/rt.jar
7f2d2037a000-7f2d20760000 rw-p 00000000 00:00 0 
7f2d20760000-7f2d20761000 ---p 00000000 00:00 0 
7f2d20761000-7f2d20861000 rw-p 00000000 00:00 0 
7f2d20861000-7f2d20862000 ---p 00000000 00:00 0 
7f2d20862000-7f2d20962000 rw-p 00000000 00:00 0 
7f2d20962000-7f2d20963000 ---p 00000000 00:00 0 
7f2d20963000-7f2d20a63000 rw-p 00000000 00:00 0 
7f2d20a63000-7f2d20a64000 ---p 00000000 00:00 0 
7f2d20a64000-7f2d20b64000 rw-p 00000000 00:00 0 
7f2d20b64000-7f2d20b65000 ---p 00000000 00:00 0 
7f2d20b65000-7f2d20c65000 rw-p 00000000 00:00 0 
7f2d20c65000-7f2d20c66000 ---p 00000000 00:00 0 
7f2d20c66000-7f2d20d90000 rw-p 00000000 00:00 0 
7f2d20d90000-7f2d21000000 ---p 00000000 00:00 0 
7f2d21000000-7f2d217b0000 rwxp 00000000 00:00 0 
7f2d217b0000-7f2d30000000 ---p 00000000 00:00 0 
7f2d30000000-7f2d30d5e000 rw-p 00000000 00:00 0 
7f2d30d5e000-7f2d34000000 ---p 00000000 00:00 0 
7f2d34000000-7f2d34003000 r--s 0000a000 fd:01 8000647                    /root/.m2/repository/com/sun/jersey/contribs/jersey-multipart/1.5/jersey-multipart-1.5.jar
7f2d34003000-7f2d34007000 r--s 0001c000 fd:01 7877493                    /root/.m2/repository/com/sun/jersey/jersey-client/1.5/jersey-client-1.5.jar
7f2d34007000-7f2d3400f000 r--s 0003a000 fd:01 7877488                    /root/.m2/repository/com/atlassian/jira/jira-rest-java-client/0.6-m9/jira-rest-java-client-0.6-m9.jar
7f2d3400f000-7f2d34013000 r--s 00031000 fd:01 7742025                    /root/.m2/repository/com/logdigger/logdigger-connector-jdbc/3.0.2/logdigger-connector-jdbc-3.0.2.jar
7f2d34013000-7f2d3401d000 r--s 000e2000 fd:01 11930709                   /root/Desktop/20170604-173new/mes/mes-plugins/mes-plugins-basic/target/mes-plugins-basic-1.5-SNAPSHOT.jar
7f2d3401d000-7f2d340bd000 rw-p 00000000 00:00 0 
7f2d340bd000-7f2d3432c000 ---p 00000000 00:00 0 
7f2d3432c000-7f2d34372000 rw-p 00000000 00:00 0 
7f2d34372000-7f2d34479000 ---p 00000000 00:00 0 
7f2d34479000-7f2d34499000 rw-p 00000000 00:00 0 
7f2d34499000-7f2d3483a000 ---p 00000000 00:00 0 
7f2d3483a000-7f2d34854000 r-xp 00000000 fd:01 5905931                    /usr/lib/jvm/java-8-oracle/jre/lib/amd64/libzip.so
7f2d34854000-7f2d34a54000 ---p 0001a000 fd:01 5905931                    /usr/lib/jvm/java-8-oracle/jre/lib/amd64/libzip.so
7f2d34a54000-7f2d34a55000 rw-p 0001a000 fd:01 5905931                    /usr/lib/jvm/java-8-oracle/jre/lib/amd64/libzip.so
7f2d34a55000-7f2d34a60000 r-xp 00000000 fd:01 8520460                    /lib/x86_64-linux-gnu/libnss_files-2.23.so
7f2d34a60000-7f2d34c5f000 ---p 0000b000 fd:01 8520460                    /lib/x86_64-linux-gnu/libnss_files-2.23.so
7f2d34c5f000-7f2d34c60000 r--p 0000a000 fd:01 8520460                    /lib/x86_64-linux-gnu/libnss_files-2.23.so
7f2d34c60000-7f2d34c61000 rw-p 0000b000 fd:01 8520460                    /lib/x86_64-linux-gnu/libnss_files-2.23.so
7f2d34c61000-7f2d34c67000 rw-p 00000000 00:00 0 
7f2d34c67000-7f2d34c72000 r-xp 00000000 fd:01 8520451                    /lib/x86_64-linux-gnu/libnss_nis-2.23.so
7f2d34c72000-7f2d34e71000 ---p 0000b000 fd:01 8520451                    /lib/x86_64-linux-gnu/libnss_nis-2.23.so
7f2d34e71000-7f2d34e72000 r--p 0000a000 fd:01 8520451                    /lib/x86_64-linux-gnu/libnss_nis-2.23.so
7f2d34e72000-7f2d34e73000 rw-p 0000b000 fd:01 8520451                    /lib/x86_64-linux-gnu/libnss_nis-2.23.so
7f2d34e73000-7f2d34e89000 r-xp 00000000 fd:01 8520454                    /lib/x86_64-linux-gnu/libnsl-2.23.so
7f2d34e89000-7f2d35088000 ---p 00016000 fd:01 8520454                    /lib/x86_64-linux-gnu/libnsl-2.23.so
7f2d35088000-7f2d35089000 r--p 00015000 fd:01 8520454                    /lib/x86_64-linux-gnu/libnsl-2.23.so
7f2d35089000-7f2d3508a000 rw-p 00016000 fd:01 8520454                    /lib/x86_64-linux-gnu/libnsl-2.23.so
7f2d3508a000-7f2d3508c000 rw-p 00000000 00:00 0 
7f2d3508c000-7f2d35094000 r-xp 00000000 fd:01 8520463                    /lib/x86_64-linux-gnu/libnss_compat-2.23.so
7f2d35094000-7f2d35293000 ---p 00008000 fd:01 8520463                    /lib/x86_64-linux-gnu/libnss_compat-2.23.so
7f2d35293000-7f2d35294000 r--p 00007000 fd:01 8520463                    /lib/x86_64-linux-gnu/libnss_compat-2.23.so
7f2d35294000-7f2d35295000 rw-p 00008000 fd:01 8520463                    /lib/x86_64-linux-gnu/libnss_compat-2.23.so
7f2d35295000-7f2d352c0000 r-xp 00000000 fd:01 5905925                    /usr/lib/jvm/java-8-oracle/jre/lib/amd64/libjava.so
7f2d352c0000-7f2d354bf000 ---p 0002b000 fd:01 5905925                    /usr/lib/jvm/java-8-oracle/jre/lib/amd64/libjava.so
7f2d354bf000-7f2d354c1000 rw-p 0002a000 fd:01 5905925                    /usr/lib/jvm/java-8-oracle/jre/lib/amd64/libjava.so
7f2d354c1000-7f2d354ce000 r-xp 00000000 fd:01 5905930                    /usr/lib/jvm/java-8-oracle/jre/lib/amd64/libverify.so
7f2d354ce000-7f2d356cd000 ---p 0000d000 fd:01 5905930                    /usr/lib/jvm/java-8-oracle/jre/lib/amd64/libverify.so
7f2d356cd000-7f2d356cf000 rw-p 0000c000 fd:01 5905930                    /usr/lib/jvm/java-8-oracle/jre/lib/amd64/libverify.so
7f2d356cf000-7f2d356d6000 r-xp 00000000 fd:01 8520464                    /lib/x86_64-linux-gnu/librt-2.23.so
7f2d356d6000-7f2d358d5000 ---p 00007000 fd:01 8520464                    /lib/x86_64-linux-gnu/librt-2.23.so
7f2d358d5000-7f2d358d6000 r--p 00006000 fd:01 8520464                    /lib/x86_64-linux-gnu/librt-2.23.so
7f2d358d6000-7f2d358d7000 rw-p 00007000 fd:01 8520464                    /lib/x86_64-linux-gnu/librt-2.23.so
7f2d358d7000-7f2d359df000 r-xp 00000000 fd:01 8520452                    /lib/x86_64-linux-gnu/libm-2.23.so
7f2d359df000-7f2d35bde000 ---p 00108000 fd:01 8520452                    /lib/x86_64-linux-gnu/libm-2.23.so
7f2d35bde000-7f2d35bdf000 r--p 00107000 fd:01 8520452                    /lib/x86_64-linux-gnu/libm-2.23.so
7f2d35bdf000-7f2d35be0000 rw-p 00108000 fd:01 8520452                    /lib/x86_64-linux-gnu/libm-2.23.so
7f2d35be0000-7f2d368af000 r-xp 00000000 fd:01 5905908                    /usr/lib/jvm/java-8-oracle/jre/lib/amd64/server/libjvm.so
7f2d368af000-7f2d36aaf000 ---p 00ccf000 fd:01 5905908                    /usr/lib/jvm/java-8-oracle/jre/lib/amd64/server/libjvm.so
7f2d36aaf000-7f2d36b88000 rw-p 00ccf000 fd:01 5905908                    /usr/lib/jvm/java-8-oracle/jre/lib/amd64/server/libjvm.so
7f2d36b88000-7f2d36bd3000 rw-p 00000000 00:00 0 
7f2d36bd3000-7f2d36d92000 r-xp 00000000 fd:01 8520455                    /lib/x86_64-linux-gnu/libc-2.23.so
7f2d36d92000-7f2d36f92000 ---p 001bf000 fd:01 8520455                    /lib/x86_64-linux-gnu/libc-2.23.so
7f2d36f92000-7f2d36f96000 r--p 001bf000 fd:01 8520455                    /lib/x86_64-linux-gnu/libc-2.23.so
7f2d36f96000-7f2d36f98000 rw-p 001c3000 fd:01 8520455                    /lib/x86_64-linux-gnu/libc-2.23.so
7f2d36f98000-7f2d36f9c000 rw-p 00000000 00:00 0 
7f2d36f9c000-7f2d36f9f000 r-xp 00000000 fd:01 8520450                    /lib/x86_64-linux-gnu/libdl-2.23.so
7f2d36f9f000-7f2d3719e000 ---p 00003000 fd:01 8520450                    /lib/x86_64-linux-gnu/libdl-2.23.so
7f2d3719e000-7f2d3719f000 r--p 00002000 fd:01 8520450                    /lib/x86_64-linux-gnu/libdl-2.23.so
7f2d3719f000-7f2d371a0000 rw-p 00003000 fd:01 8520450                    /lib/x86_64-linux-gnu/libdl-2.23.so
7f2d371a0000-7f2d371b5000 r-xp 00000000 fd:01 5905903                    /usr/lib/jvm/java-8-oracle/jre/lib/amd64/jli/libjli.so
7f2d371b5000-7f2d373b5000 ---p 00015000 fd:01 5905903                    /usr/lib/jvm/java-8-oracle/jre/lib/amd64/jli/libjli.so
7f2d373b5000-7f2d373b6000 rw-p 00015000 fd:01 5905903                    /usr/lib/jvm/java-8-oracle/jre/lib/amd64/jli/libjli.so
7f2d373b6000-7f2d373ce000 r-xp 00000000 fd:01 8520469                    /lib/x86_64-linux-gnu/libpthread-2.23.so
7f2d373ce000-7f2d375cd000 ---p 00018000 fd:01 8520469                    /lib/x86_64-linux-gnu/libpthread-2.23.so
7f2d375cd000-7f2d375ce000 r--p 00017000 fd:01 8520469                    /lib/x86_64-linux-gnu/libpthread-2.23.so
7f2d375ce000-7f2d375cf000 rw-p 00018000 fd:01 8520469                    /lib/x86_64-linux-gnu/libpthread-2.23.so
7f2d375cf000-7f2d375d3000 rw-p 00000000 00:00 0 
7f2d375d3000-7f2d375f9000 r-xp 00000000 fd:01 8520456                    /lib/x86_64-linux-gnu/ld-2.23.so
7f2d375f9000-7f2d375fd000 r--s 00041000 fd:01 7742037                    /root/.m2/repository/com/logdigger/logdigger-connector-core/3.0.2/logdigger-connector-core-3.0.2.jar
7f2d375fd000-7f2d37601000 r--s 00015000 fd:01 13238510                   /root/Desktop/20170604-173new/mes/mes-plugins/mes-plugins-states/target/mes-plugins-states-1.5-SNAPSHOT.jar
7f2d37601000-7f2d37608000 r--s 00055000 fd:01 13239032                   /root/Desktop/20170604-173new/mes/mes-plugins/mes-plugins-technologies/target/mes-plugins-technologies-1.5-SNAPSHOT.jar
7f2d37608000-7f2d376d9000 rw-p 00000000 00:00 0 
7f2d376d9000-7f2d376dc000 ---p 00000000 00:00 0 
7f2d376dc000-7f2d377de000 rw-p 00000000 00:00 0 
7f2d377de000-7f2d377df000 r--s 00001000 fd:01 11142173                   /root/.m2/repository/org/springframework/security/spring-security-aspects/3.2.5.RELEASE/spring-security-aspects-3.2.5.RELEASE.jar
7f2d377df000-7f2d377e0000 r--s 00004000 fd:01 13764365                   /root/.m2/repository/com/qcadoo/qcadoo-plugins-unit-conversion-management/1.5-SNAPSHOT/qcadoo-plugins-unit-conversion-management-1.5-SNAPSHOT.jar
7f2d377e0000-7f2d377e5000 r--s 0003e000 fd:01 13108271                   /root/Desktop/20170604-173new/mes/mes-plugins/mes-plugins-orders/target/mes-plugins-orders-1.5-SNAPSHOT.jar
7f2d377e5000-7f2d377e9000 r--s 00020000 fd:01 11010935                   /root/.m2/repository/org/apache/maven/surefire/surefire-api/2.17/surefire-api-2.17.jar
7f2d377e9000-7f2d377eb000 r--s 00008000 fd:01 11010963                   /root/.m2/repository/org/apache/maven/surefire/surefire-booter/2.17/surefire-booter-2.17.jar
7f2d377eb000-7f2d377ec000 r--s 00003000 fd:01 13763487                   /root/Desktop/20170604-173new/mes/mes-plugins/mes-plugins-master-orders/target/surefire/surefirebooter6463133179101722499.jar
7f2d377ec000-7f2d377f4000 rw-s 00000000 fd:01 10617295                   /tmp/hsperfdata_root/12944
7f2d377f4000-7f2d377f5000 rw-p 00000000 00:00 0 
7f2d377f5000-7f2d377f6000 ---p 00000000 00:00 0 
7f2d377f6000-7f2d377f8000 rw-p 00000000 00:00 0 
7f2d377f8000-7f2d377f9000 r--p 00025000 fd:01 8520456                    /lib/x86_64-linux-gnu/ld-2.23.so
7f2d377f9000-7f2d377fa000 rw-p 00026000 fd:01 8520456                    /lib/x86_64-linux-gnu/ld-2.23.so
7f2d377fa000-7f2d377fb000 rw-p 00000000 00:00 0 
7ffc45043000-7ffc45064000 rw-p 00000000 00:00 0                          [stack]
7ffc4512e000-7ffc45130000 r--p 00000000 00:00 0                          [vvar]
7ffc45130000-7ffc45132000 r-xp 00000000 00:00 0                          [vdso]
ffffffffff600000-ffffffffff601000 r-xp 00000000 00:00 0                  [vsyscall]

VM Arguments:
java_command: /root/Desktop/20170604-173new/mes/mes-plugins/mes-plugins-master-orders/target/surefire/surefirebooter6463133179101722499.jar /root/Desktop/20170604-173new/mes/mes-plugins/mes-plugins-master-orders/target/surefire/surefire978441232949614190tmp /root/Desktop/20170604-173new/mes/mes-plugins/mes-plugins-master-orders/target/surefire/surefire_264602649918648272720tmp
java_class_path (initial): /root/Desktop/20170604-173new/mes/mes-plugins/mes-plugins-master-orders/target/surefire/surefirebooter6463133179101722499.jar
Launcher Type: SUN_STANDARD

Environment Variables:
JAVA_HOME=/usr/lib/jvm/java-8-oracle
JRE_HOME=/usr/lib/jvm/java-8-oracle/jre
CLASSPATH=/root/Downloads/idea-IU-171.4073.35/lib/bootstrap.jar:/root/Downloads/idea-IU-171.4073.35/lib/extensions.jar:/root/Downloads/idea-IU-171.4073.35/lib/util.jar:/root/Downloads/idea-IU-171.4073.35/lib/jdom.jar:/root/Downloads/idea-IU-171.4073.35/lib/log4j.jar:/root/Downloads/idea-IU-171.4073.35/lib/trove4j.jar:/root/Downloads/idea-IU-171.4073.35/lib/jna.jar:/root/Downloads/idea-IU-171.4073.35/jre64/lib/tools.jar
PATH=/usr/local/sbin:/usr/local/bin:/usr/sbin:/usr/bin:/sbin:/bin:/usr/games:/usr/local/games:/snap/bin:/usr/lib/jvm/java-8-oracle/bin:/usr/lib/jvm/java-8-oracle/db/bin:/usr/lib/jvm/java-8-oracle/jre/bin:/usr/lib/jvm/java-8-oracle/bin:/usr/lib/jvm/java-8-oracle/jre/bin
LD_LIBRARY_PATH=/root/Downloads/idea-IU-171.4073.35/bin:
SHELL=/bin/bash
DISPLAY=:0

Signal Handlers:
SIGSEGV: [libjvm.so+0xac8af0], sa_mask[0]=11111111011111111101111111111110, sa_flags=SA_RESTART|SA_SIGINFO
SIGBUS: [libjvm.so+0xac8af0], sa_mask[0]=11111111011111111101111111111110, sa_flags=SA_RESTART|SA_SIGINFO
SIGFPE: [libjvm.so+0x921dd0], sa_mask[0]=11111111011111111101111111111110, sa_flags=SA_RESTART|SA_SIGINFO
SIGPIPE: [libjvm.so+0x921dd0], sa_mask[0]=11111111011111111101111111111110, sa_flags=SA_RESTART|SA_SIGINFO
SIGXFSZ: [libjvm.so+0x921dd0], sa_mask[0]=11111111011111111101111111111110, sa_flags=SA_RESTART|SA_SIGINFO
SIGILL: [libjvm.so+0x921dd0], sa_mask[0]=11111111011111111101111111111110, sa_flags=SA_RESTART|SA_SIGINFO
SIGUSR1: SIG_DFL, sa_mask[0]=00000000000000000000000000000000, sa_flags=none
SIGUSR2: [libjvm.so+0x923610], sa_mask[0]=00100000000000000000000000000000, sa_flags=SA_RESTART|SA_SIGINFO
SIGHUP: [libjvm.so+0x924a10], sa_mask[0]=11111111011111111101111111111110, sa_flags=SA_RESTART|SA_SIGINFO
SIGINT: [libjvm.so+0x924a10], sa_mask[0]=11111111011111111101111111111110, sa_flags=SA_RESTART|SA_SIGINFO
SIGTERM: [libjvm.so+0x924a10], sa_mask[0]=11111111011111111101111111111110, sa_flags=SA_RESTART|SA_SIGINFO
SIGQUIT: [libjvm.so+0x924a10], sa_mask[0]=11111111011111111101111111111110, sa_flags=SA_RESTART|SA_SIGINFO


---------------  S Y S T E M  ---------------

OS:DISTRIB_ID=Ubuntu
DISTRIB_RELEASE=16.04
DISTRIB_CODENAME=xenial
DISTRIB_DESCRIPTION="Ubuntu 16.04.2 LTS"

uname:Linux 4.4.0-78-generic #99-Ubuntu SMP Thu Apr 27 15:29:09 UTC 2017 x86_64
libc:glibc 2.23 NPTL 2.23 
rlimit: STACK 8192k, CORE 0k, NPROC 31753, NOFILE 65536, AS infinity
load average:5.79 2.53 1.11

/proc/meminfo:
MemTotal:        8169752 kB
MemFree:          122012 kB
MemAvailable:      45464 kB
Buffers:            4220 kB
Cached:           193748 kB
SwapCached:            0 kB
Active:          7658696 kB
Inactive:         167288 kB
Active(anon):    7637636 kB
Inactive(anon):   134336 kB
Active(file):      21060 kB
Inactive(file):    32952 kB
Unevictable:          64 kB
Mlocked:              64 kB
SwapTotal:             0 kB
SwapFree:              0 kB
Dirty:              1736 kB
Writeback:             0 kB
AnonPages:       7628232 kB
Mapped:            94636 kB
Shmem:            143804 kB
Slab:             111676 kB
SReclaimable:      62808 kB
SUnreclaim:        48868 kB
KernelStack:       17312 kB
PageTables:        53624 kB
NFS_Unstable:          0 kB
Bounce:                0 kB
WritebackTmp:          0 kB
CommitLimit:     4084876 kB
Committed_AS:   11853240 kB
VmallocTotal:   34359738367 kB
VmallocUsed:           0 kB
VmallocChunk:          0 kB
HardwareCorrupted:     0 kB
AnonHugePages:   5595136 kB
CmaTotal:              0 kB
CmaFree:               0 kB
HugePages_Total:       0
HugePages_Free:        0
HugePages_Rsvd:        0
HugePages_Surp:        0
Hugepagesize:       2048 kB
DirectMap4k:      147436 kB
DirectMap2M:     8241152 kB


CPU:total 6 (initial active 6) (1 cores per cpu, 1 threads per core) family 6 model 13 stepping 3, cmov, cx8, fxsr, mmx, sse, sse2, sse3, lzcnt, tsc

/proc/cpuinfo:
processor	: 0
vendor_id	: GenuineIntel
cpu family	: 6
model		: 13
model name	: QEMU Virtual CPU version (cpu64-rhel6)
stepping	: 3
microcode	: 0x1
cpu MHz		: 2399.996
cache size	: 4096 KB
physical id	: 0
siblings	: 1
core id		: 0
cpu cores	: 1
apicid		: 0
initial apicid	: 0
fpu		: yes
fpu_exception	: yes
cpuid level	: 4
wp		: yes
flags		: fpu de pse tsc msr pae mce cx8 apic sep mtrr pge mca cmov pse36 clflush mmx fxsr sse sse2 syscall nx lm nopl pni cx16 hypervisor lahf_lm abm
bugs		:
bogomips	: 4799.99
clflush size	: 64
cache_alignment	: 64
address sizes	: 46 bits physical, 48 bits virtual
power management:

processor	: 1
vendor_id	: GenuineIntel
cpu family	: 6
model		: 13
model name	: QEMU Virtual CPU version (cpu64-rhel6)
stepping	: 3
microcode	: 0x1
cpu MHz		: 2399.996
cache size	: 4096 KB
physical id	: 1
siblings	: 1
core id		: 0
cpu cores	: 1
apicid		: 1
initial apicid	: 1
fpu		: yes
fpu_exception	: yes
cpuid level	: 4
wp		: yes
flags		: fpu de pse tsc msr pae mce cx8 apic sep mtrr pge mca cmov pse36 clflush mmx fxsr sse sse2 syscall nx lm nopl pni cx16 hypervisor lahf_lm abm
bugs		:
bogomips	: 4799.99
clflush size	: 64
cache_alignment	: 64
address sizes	: 46 bits physical, 48 bits virtual
power management:

processor	: 2
vendor_id	: GenuineIntel
cpu family	: 6
model		: 13
model name	: QEMU Virtual CPU version (cpu64-rhel6)
stepping	: 3
microcode	: 0x1
cpu MHz		: 2399.996
cache size	: 4096 KB
physical id	: 2
siblings	: 1
core id		: 0
cpu cores	: 1
apicid		: 2
initial apicid	: 2
fpu		: yes
fpu_exception	: yes
cpuid level	: 4
wp		: yes
flags		: fpu de pse tsc msr pae mce cx8 apic sep mtrr pge mca cmov pse36 clflush mmx fxsr sse sse2 syscall nx lm nopl pni cx16 hypervisor lahf_lm abm
bugs		:
bogomips	: 4799.99
clflush size	: 64
cache_alignment	: 64
address sizes	: 46 bits physical, 48 bits virtual
power management:

processor	: 3
vendor_id	: GenuineIntel
cpu family	: 6
model		: 13
model name	: QEMU Virtual CPU version (cpu64-rhel6)
stepping	: 3
microcode	: 0x1
cpu MHz		: 2399.996
cache size	: 4096 KB
physical id	: 3
siblings	: 1
core id		: 0
cpu cores	: 1
apicid		: 3
initial apicid	: 3
fpu		: yes
fpu_exception	: yes
cpuid level	: 4
wp		: yes
flags		: fpu de pse tsc msr pae mce cx8 apic sep mtrr pge mca cmov pse36 clflush mmx fxsr sse sse2 syscall nx lm nopl pni cx16 hypervisor lahf_lm abm
bugs		:
bogomips	: 4799.99
clflush size	: 64
cache_alignment	: 64
address sizes	: 46 bits physical, 48 bits virtual
power management:

processor	: 4
vendor_id	: GenuineIntel
cpu family	: 6
model		: 13
model name	: QEMU Virtual CPU version (cpu64-rhel6)
stepping	: 3
microcode	: 0x1
cpu MHz		: 2399.996
cache size	: 4096 KB
physical id	: 4
siblings	: 1
core id		: 0
cpu cores	: 1
apicid		: 4
initial apicid	: 4
fpu		: yes
fpu_exception	: yes
cpuid level	: 4
wp		: yes
flags		: fpu de pse tsc msr pae mce cx8 apic sep mtrr pge mca cmov pse36 clflush mmx fxsr sse sse2 syscall nx lm nopl pni cx16 hypervisor lahf_lm abm
bugs		:
bogomips	: 4799.99
clflush size	: 64
cache_alignment	: 64
address sizes	: 46 bits physical, 48 bits virtual
power management:

processor	: 5
vendor_id	: GenuineIntel
cpu family	: 6
model		: 13
model name	: QEMU Virtual CPU version (cpu64-rhel6)
stepping	: 3
microcode	: 0x1
cpu MHz		: 2399.996
cache size	: 4096 KB
physical id	: 5
siblings	: 1
core id		: 0
cpu cores	: 1
apicid		: 5
initial apicid	: 5
fpu		: yes
fpu_exception	: yes
cpuid level	: 4
wp		: yes
flags		: fpu de pse tsc msr pae mce cx8 apic sep mtrr pge mca cmov pse36 clflush mmx fxsr sse sse2 syscall nx lm nopl pni cx16 hypervisor lahf_lm abm
bugs		:
bogomips	: 4799.99
clflush size	: 64
cache_alignment	: 64
address sizes	: 46 bits physical, 48 bits virtual
power management:



Memory: 4k page, physical 8169752k(122012k free), swap 0k(0k free)

vm_info: Java HotSpot(TM) 64-Bit Server VM (25.131-b11) for linux-amd64 JRE (1.8.0_131-b11), built on Mar 15 2017 01:23:40 by "java_re" with gcc 4.3.0 20080428 (Red Hat 4.3.0-8)

time: Wed Jun 28 08:38:55 2017
elapsed time: 8 seconds (0d 0h 0m 8s)

